#
# There is insufficient memory for the Java Runtime Environment to continue.
# Native memory allocation (malloc) failed to allocate 512000 bytes for AllocateHeap
# Possible reasons:
#   The system is out of physical RAM or swap space
#   In 32 bit mode, the process size limit was hit
# Possible solutions:
#   Reduce memory load on the system
#   Increase physical memory or swap space
#   Check if swap backing store is full
#   Use 64 bit Java on a 64 bit OS
#   Decrease Java heap size (-Xmx/-Xms)
#   Decrease number of Java threads
#   Decrease Java thread stack sizes (-Xss)
#   Set larger code cache with -XX:ReservedCodeCacheSize=
# This output file may be truncated or incomplete.
#
#  Out of Memory Error (memory/allocation.inline.hpp:62), pid=36860, tid=19312
#
# JRE version: Java(TM) SE Runtime Environment (8.0_31-b13) (build 1.8.0_31-b13)
# Java VM: Java HotSpot(TM) 64-Bit Server VM (25.31-b07 mixed mode windows-amd64 compressed oops)
# Failed to write core dump. Minidumps are not enabled by default on client versions of Windows
#

---------------  T H R E A D  ---------------

Current thread (0x0000000002d9e000):  VMThread [stack: 0x0000000019af0000,0x0000000019bf0000] [id=19312]

Stack: [0x0000000019af0000,0x0000000019bf0000]
Native frames: (J=compiled Java code, j=interpreted, Vv=VM code, C=native code)
V  [jvm.dll+0x3169ba]

VM_Operation (0x0000000002c69010): CollectForMetadataAllocation, mode: safepoint, requested by thread 0x0000000002cab000


---------------  P R O C E S S  ---------------

Java Threads: ( => current thread )
  0x000000001bead800 JavaThread "spring.cloud.inetutils" daemon [_thread_blocked, id=24820, stack(0x0000000020540000,0x0000000020640000)]
  0x000000001bead000 JavaThread "commons-pool-evictor-thread" daemon [_thread_blocked, id=62692, stack(0x000000001fa40000,0x000000001fb40000)]
  0x000000001bea8800 JavaThread "container-0" [_thread_blocked, id=27892, stack(0x000000001f940000,0x000000001fa40000)]
  0x000000001c0e3800 JavaThread "Catalina-utility-2" [_thread_blocked, id=53712, stack(0x000000001f840000,0x000000001f940000)]
  0x000000001c0e2800 JavaThread "Catalina-utility-1" [_thread_blocked, id=58412, stack(0x000000001f740000,0x000000001f840000)]
  0x000000001e1ac800 JavaThread "AsyncReporter{org.springframework.cloud.sleuth.zipkin2.sender.RestTemplateSender@67f946c3}" daemon [_thread_blocked, id=84896, stack(0x000000001cb70000,0x000000001cc70000)]
  0x000000001b5ef800 JavaThread "RMI TCP Connection(2)-127.0.0.1" daemon [_thread_in_native, id=81168, stack(0x000000001ca70000,0x000000001cb70000)]
  0x000000001b5e9800 JavaThread "RMI Scheduler(0)" daemon [_thread_blocked, id=30540, stack(0x000000001c970000,0x000000001ca70000)]
  0x000000001b5ab800 JavaThread "RMI TCP Connection(1)-127.0.0.1" daemon [_thread_in_native, id=79144, stack(0x000000001c670000,0x000000001c770000)]
  0x000000001abdc800 JavaThread "RMI TCP Accept-0" daemon [_thread_in_native, id=24668, stack(0x000000001c3c0000,0x000000001c4c0000)]
  0x000000001abc6800 JavaThread "RMI TCP Accept-58208" daemon [_thread_in_native, id=48360, stack(0x000000001b2f0000,0x000000001b3f0000)]
  0x000000001abcf000 JavaThread "RMI TCP Accept-0" daemon [_thread_in_native, id=91120, stack(0x000000001b1f0000,0x000000001b2f0000)]
  0x000000001aa79800 JavaThread "Service Thread" daemon [_thread_blocked, id=87496, stack(0x000000001b0f0000,0x000000001b1f0000)]
  0x000000001a9ea800 JavaThread "C1 CompilerThread3" daemon [_thread_blocked, id=67676, stack(0x000000001aff0000,0x000000001b0f0000)]
  0x000000001a9e2000 JavaThread "C2 CompilerThread2" daemon [_thread_blocked, id=38016, stack(0x000000001aef0000,0x000000001aff0000)]
  0x000000001a9dd000 JavaThread "C2 CompilerThread1" daemon [_thread_blocked, id=37864, stack(0x000000001adf0000,0x000000001aef0000)]
  0x000000001a9dc800 JavaThread "C2 CompilerThread0" daemon [_thread_blocked, id=36940, stack(0x000000001acf0000,0x000000001adf0000)]
  0x000000001a9bb800 JavaThread "Monitor Ctrl-Break" daemon [_thread_in_native, id=16492, stack(0x000000001abf0000,0x000000001acf0000)]
  0x0000000019e7d800 JavaThread "Attach Listener" daemon [_thread_blocked, id=86036, stack(0x000000001a2f0000,0x000000001a3f0000)]
  0x0000000019e30800 JavaThread "Signal Dispatcher" daemon [_thread_blocked, id=30504, stack(0x000000001a1f0000,0x000000001a2f0000)]
  0x0000000017e10000 JavaThread "Finalizer" daemon [_thread_blocked, id=89636, stack(0x0000000019cf0000,0x0000000019df0000)]
  0x0000000017e09000 JavaThread "Reference Handler" daemon [_thread_blocked, id=51432, stack(0x0000000019bf0000,0x0000000019cf0000)]
  0x0000000002cab000 JavaThread "main" [_thread_blocked, id=55784, stack(0x0000000002b70000,0x0000000002c70000)]

Other Threads:
=>0x0000000002d9e000 VMThread [stack: 0x0000000019af0000,0x0000000019bf0000] [id=19312]
  0x000000001abdd800 WatcherThread [stack: 0x000000001c4c0000,0x000000001c5c0000] [id=62764]

VM state:at safepoint (normal execution)

VM Mutex/Monitor currently owned by a thread:  ([mutex/lock_event])
[0x0000000002ca1fd0] Threads_lock - owner thread: 0x0000000002d9e000
[0x0000000002ca25d0] Heap_lock - owner thread: 0x0000000002cab000

Heap:
 PSYoungGen      total 263168K, used 7316K [0x00000000d6380000, 0x00000000ea280000, 0x0000000100000000)
  eden space 246784K, 0% used [0x00000000d6380000,0x00000000d6380000,0x00000000e5480000)
  from space 16384K, 44% used [0x00000000e9280000,0x00000000e99a5218,0x00000000ea280000)
  to   space 14848K, 0% used [0x00000000e5480000,0x00000000e5480000,0x00000000e6300000)
 ParOldGen       total 85504K, used 40018K [0x0000000082a00000, 0x0000000087d80000, 0x00000000d6380000)
  object space 85504K, 46% used [0x0000000082a00000,0x0000000085114818,0x0000000087d80000)
 Metaspace       used 56119K, capacity 58658K, committed 58752K, reserved 1103872K
  class space    used 7578K, capacity 8009K, committed 8064K, reserved 1048576K

Card table byte_map: [0x00000000122f0000,0x00000000126e0000] byte_map_base: 0x0000000011edb000

Marking Bits: (ParMarkBitMap*) 0x000000007151d4f0
 Begin Bits: [0x0000000013180000, 0x00000000150d8000)
 End Bits:   [0x00000000150d8000, 0x0000000017030000)

Polling page: 0x0000000000a20000

CodeCache: size=245760Kb used=11346Kb max_used=11346Kb free=234414Kb
 bounds [0x0000000002f30000, 0x0000000003a50000, 0x0000000011f30000]
 total_blobs=6250 nmethods=5708 adapters=454
 compilation: enabled

Compilation events (10 events):
Event: 12.645 Thread 0x000000001a9ea800 5772       1       sun.util.calendar.CalendarDate::setTimeOfDay (27 bytes)
Event: 12.645 Thread 0x000000001a9ea800 nmethod 5772 0x0000000003a3d350 code [0x0000000003a3d4e0, 0x0000000003a3d6b8]
Event: 12.645 Thread 0x000000001a9ea800 5773       1       sun.util.calendar.BaseCalendar$Date::setNormalizedDate (17 bytes)
Event: 12.646 Thread 0x000000001a9ea800 nmethod 5773 0x0000000003a3d790 code [0x0000000003a3d900, 0x0000000003a3daa8]
Event: 12.649 Thread 0x000000001a9ea800 5783       1       sun.misc.ProxyGenerator$ProxyMethod::generateMethod (733 bytes)
Event: 12.652 Thread 0x000000001a9ea800 nmethod 5783 0x0000000003a3db50 code [0x0000000003a3e220, 0x0000000003a40c08]
Event: 12.657 Thread 0x000000001a9ea800 5784       1       ch.qos.logback.classic.spi.CallerData::isInFrameworkSpace (38 bytes)
Event: 12.657 Thread 0x000000001a9ea800 nmethod 5784 0x0000000003a44210 code [0x0000000003a443a0, 0x0000000003a44578]
Event: 12.658 Thread 0x000000001a9ea800 5785       1       java.util.regex.Pattern::range (279 bytes)
Event: 12.659 Thread 0x000000001a9ea800 nmethod 5785 0x0000000003a44690 code [0x0000000003a44940, 0x0000000003a45568]

GC Heap History (10 events):
Event: 6.136 GC heap after
Heap after GC invocations=12 (full 2):
 PSYoungGen      total 241664K, used 9927K [0x00000000d6380000, 0x00000000e7180000, 0x0000000100000000)
  eden space 231424K, 0% used [0x00000000d6380000,0x00000000d6380000,0x00000000e4580000)
  from space 10240K, 96% used [0x00000000e6780000,0x00000000e7131e98,0x00000000e7180000)
  to   space 14848K, 0% used [0x00000000e5480000,0x00000000e5480000,0x00000000e6300000)
 ParOldGen       total 85504K, used 18218K [0x0000000082a00000, 0x0000000087d80000, 0x00000000d6380000)
  object space 85504K, 21% used [0x0000000082a00000,0x0000000083bcabe8,0x0000000087d80000)
 Metaspace       used 39597K, capacity 41192K, committed 41344K, reserved 1085440K
  class space    used 5361K, capacity 5658K, committed 5760K, reserved 1048576K
}
Event: 8.156 GC heap before
{Heap before GC invocations=13 (full 2):
 PSYoungGen      total 241664K, used 241351K [0x00000000d6380000, 0x00000000e7180000, 0x0000000100000000)
  eden space 231424K, 100% used [0x00000000d6380000,0x00000000e4580000,0x00000000e4580000)
  from space 10240K, 96% used [0x00000000e6780000,0x00000000e7131e98,0x00000000e7180000)
  to   space 14848K, 0% used [0x00000000e5480000,0x00000000e5480000,0x00000000e6300000)
 ParOldGen       total 85504K, used 18218K [0x0000000082a00000, 0x0000000087d80000, 0x00000000d6380000)
  object space 85504K, 21% used [0x0000000082a00000,0x0000000083bcabe8,0x0000000087d80000)
 Metaspace       used 45311K, capacity 47080K, committed 47360K, reserved 1089536K
  class space    used 6032K, capacity 6365K, committed 6400K, reserved 1048576K
Event: 8.169 GC heap after
Heap after GC invocations=13 (full 2):
 PSYoungGen      total 261632K, used 14836K [0x00000000d6380000, 0x00000000ea280000, 0x0000000100000000)
  eden space 246784K, 0% used [0x00000000d6380000,0x00000000d6380000,0x00000000e5480000)
  from space 14848K, 99% used [0x00000000e5480000,0x00000000e62fd0f0,0x00000000e6300000)
  to   space 16384K, 0% used [0x00000000e9280000,0x00000000e9280000,0x00000000ea280000)
 ParOldGen       total 85504K, used 18554K [0x0000000082a00000, 0x0000000087d80000, 0x00000000d6380000)
  object space 85504K, 21% used [0x0000000082a00000,0x0000000083c1ea20,0x0000000087d80000)
 Metaspace       used 45311K, capacity 47080K, committed 47360K, reserved 1089536K
  class space    used 6032K, capacity 6365K, committed 6400K, reserved 1048576K
}
Event: 9.118 GC heap before
{Heap before GC invocations=14 (full 2):
 PSYoungGen      total 261632K, used 261620K [0x00000000d6380000, 0x00000000ea280000, 0x0000000100000000)
  eden space 246784K, 100% used [0x00000000d6380000,0x00000000e5480000,0x00000000e5480000)
  from space 14848K, 99% used [0x00000000e5480000,0x00000000e62fd0f0,0x00000000e6300000)
  to   space 16384K, 0% used [0x00000000e9280000,0x00000000e9280000,0x00000000ea280000)
 ParOldGen       total 85504K, used 18554K [0x0000000082a00000, 0x0000000087d80000, 0x00000000d6380000)
  object space 85504K, 21% used [0x0000000082a00000,0x0000000083c1ea20,0x0000000087d80000)
 Metaspace       used 48132K, capacity 50106K, committed 50304K, reserved 1093632K
  class space    used 6393K, capacity 6728K, committed 6784K, reserved 1048576K
Event: 9.136 GC heap after
Heap after GC invocations=14 (full 2):
 PSYoungGen      total 263168K, used 10817K [0x00000000d6380000, 0x00000000ea280000, 0x0000000100000000)
  eden space 246784K, 0% used [0x00000000d6380000,0x00000000d6380000,0x00000000e5480000)
  from space 16384K, 66% used [0x00000000e9280000,0x00000000e9d107d8,0x00000000ea280000)
  to   space 14848K, 0% used [0x00000000e5480000,0x00000000e5480000,0x00000000e6300000)
 ParOldGen       total 85504K, used 28246K [0x0000000082a00000, 0x0000000087d80000, 0x00000000d6380000)
  object space 85504K, 33% used [0x0000000082a00000,0x00000000845959f0,0x0000000087d80000)
 Metaspace       used 48132K, capacity 50106K, committed 50304K, reserved 1093632K
  class space    used 6393K, capacity 6728K, committed 6784K, reserved 1048576K
}
Event: 10.749 GC heap before
{Heap before GC invocations=15 (full 2):
 PSYoungGen      total 263168K, used 257601K [0x00000000d6380000, 0x00000000ea280000, 0x0000000100000000)
  eden space 246784K, 100% used [0x00000000d6380000,0x00000000e5480000,0x00000000e5480000)
  from space 16384K, 66% used [0x00000000e9280000,0x00000000e9d107d8,0x00000000ea280000)
  to   space 14848K, 0% used [0x00000000e5480000,0x00000000e5480000,0x00000000e6300000)
 ParOldGen       total 85504K, used 28246K [0x0000000082a00000, 0x0000000087d80000, 0x00000000d6380000)
  object space 85504K, 33% used [0x0000000082a00000,0x00000000845959f0,0x0000000087d80000)
 Metaspace       used 51711K, capacity 54258K, committed 54528K, reserved 1095680K
  class space    used 6954K, capacity 7391K, committed 7424K, reserved 1048576K
Event: 10.761 GC heap after
Heap after GC invocations=15 (full 2):
 PSYoungGen      total 261632K, used 14835K [0x00000000d6380000, 0x00000000ea280000, 0x0000000100000000)
  eden space 246784K, 0% used [0x00000000d6380000,0x00000000d6380000,0x00000000e5480000)
  from space 14848K, 99% used [0x00000000e5480000,0x00000000e62fccb8,0x00000000e6300000)
  to   space 16384K, 0% used [0x00000000e9280000,0x00000000e9280000,0x00000000ea280000)
 ParOldGen       total 85504K, used 29377K [0x0000000082a00000, 0x0000000087d80000, 0x00000000d6380000)
  object space 85504K, 34% used [0x0000000082a00000,0x00000000846b0690,0x0000000087d80000)
 Metaspace       used 51711K, capacity 54258K, committed 54528K, reserved 1095680K
  class space    used 6954K, capacity 7391K, committed 7424K, reserved 1048576K
}
Event: 12.661 GC heap before
{Heap before GC invocations=16 (full 2):
 PSYoungGen      total 261632K, used 158905K [0x00000000d6380000, 0x00000000ea280000, 0x0000000100000000)
  eden space 246784K, 58% used [0x00000000d6380000,0x00000000df031aa8,0x00000000e5480000)
  from space 14848K, 99% used [0x00000000e5480000,0x00000000e62fccb8,0x00000000e6300000)
  to   space 16384K, 0% used [0x00000000e9280000,0x00000000e9280000,0x00000000ea280000)
 ParOldGen       total 85504K, used 29377K [0x0000000082a00000, 0x0000000087d80000, 0x00000000d6380000)
  object space 85504K, 34% used [0x0000000082a00000,0x00000000846b0690,0x0000000087d80000)
 Metaspace       used 56119K, capacity 58658K, committed 58752K, reserved 1103872K
  class space    used 7578K, capacity 8009K, committed 8064K, reserved 1048576K
Event: 12.676 GC heap after
Heap after GC invocations=16 (full 2):
 PSYoungGen      total 263168K, used 7316K [0x00000000d6380000, 0x00000000ea280000, 0x0000000100000000)
  eden space 246784K, 0% used [0x00000000d6380000,0x00000000d6380000,0x00000000e5480000)
  from space 16384K, 44% used [0x00000000e9280000,0x00000000e99a5218,0x00000000ea280000)
  to   space 14848K, 0% used [0x00000000e5480000,0x00000000e5480000,0x00000000e6300000)
 ParOldGen       total 85504K, used 40018K [0x0000000082a00000, 0x0000000087d80000, 0x00000000d6380000)
  object space 85504K, 46% used [0x0000000082a00000,0x0000000085114818,0x0000000087d80000)
 Metaspace       used 56119K, capacity 58658K, committed 58752K, reserved 1103872K
  class space    used 7578K, capacity 8009K, committed 8064K, reserved 1048576K
}
Event: 12.676 GC heap before
{Heap before GC invocations=17 (full 3):
 PSYoungGen      total 263168K, used 7316K [0x00000000d6380000, 0x00000000ea280000, 0x0000000100000000)
  eden space 246784K, 0% used [0x00000000d6380000,0x00000000d6380000,0x00000000e5480000)
  from space 16384K, 44% used [0x00000000e9280000,0x00000000e99a5218,0x00000000ea280000)
  to   space 14848K, 0% used [0x00000000e5480000,0x00000000e5480000,0x00000000e6300000)
 ParOldGen       total 85504K, used 40018K [0x0000000082a00000, 0x0000000087d80000, 0x00000000d6380000)
  object space 85504K, 46% used [0x0000000082a00000,0x0000000085114818,0x0000000087d80000)
 Metaspace       used 56119K, capacity 58658K, committed 58752K, reserved 1103872K
  class space    used 7578K, capacity 8009K, committed 8064K, reserved 1048576K

Deoptimization events (0 events):
No events

Internal exceptions (10 events):
Event: 12.654 Thread 0x0000000002cab000 Exception <a 'java/security/PrivilegedActionException'> (0x00000000dee4bc88) thrown at [C:\workspace\8-2-build-windows-amd64-cygwin\jdk8u31\2394\hotspot\src\share\vm\prims\jvm.cpp, line 1312]
Event: 12.654 Thread 0x0000000002cab000 Exception <a 'java/security/PrivilegedActionException'> (0x00000000dee67768) thrown at [C:\workspace\8-2-build-windows-amd64-cygwin\jdk8u31\2394\hotspot\src\share\vm\prims\jvm.cpp, line 1312]
Event: 12.657 Thread 0x0000000002cab000 Exception <a 'java/security/PrivilegedActionException'> (0x00000000dee9eb60) thrown at [C:\workspace\8-2-build-windows-amd64-cygwin\jdk8u31\2394\hotspot\src\share\vm\prims\jvm.cpp, line 1312]
Event: 12.658 Thread 0x0000000002cab000 Exception <a 'java/security/PrivilegedActionException'> (0x00000000deebabc8) thrown at [C:\workspace\8-2-build-windows-amd64-cygwin\jdk8u31\2394\hotspot\src\share\vm\prims\jvm.cpp, line 1312]
Event: 12.658 Thread 0x0000000002cab000 Exception <a 'java/security/PrivilegedActionException'> (0x00000000deec91b0) thrown at [C:\workspace\8-2-build-windows-amd64-cygwin\jdk8u31\2394\hotspot\src\share\vm\prims\jvm.cpp, line 1312]
Event: 12.659 Thread 0x0000000002cab000 Exception <a 'java/security/PrivilegedActionException'> (0x00000000deedcc88) thrown at [C:\workspace\8-2-build-windows-amd64-cygwin\jdk8u31\2394\hotspot\src\share\vm\prims\jvm.cpp, line 1312]
Event: 12.659 Thread 0x0000000002cab000 Exception <a 'java/security/PrivilegedActionException'> (0x00000000deef9700) thrown at [C:\workspace\8-2-build-windows-amd64-cygwin\jdk8u31\2394\hotspot\src\share\vm\prims\jvm.cpp, line 1312]
Event: 12.660 Thread 0x0000000002cab000 Exception <a 'java/security/PrivilegedActionException'> (0x00000000def07498) thrown at [C:\workspace\8-2-build-windows-amd64-cygwin\jdk8u31\2394\hotspot\src\share\vm\prims\jvm.cpp, line 1312]
Event: 12.660 Thread 0x0000000002cab000 Exception <a 'java/security/PrivilegedActionException'> (0x00000000def15fc0) thrown at [C:\workspace\8-2-build-windows-amd64-cygwin\jdk8u31\2394\hotspot\src\share\vm\prims\jvm.cpp, line 1312]
Event: 12.661 Thread 0x0000000002cab000 Exception <a 'java/security/PrivilegedActionException'> (0x00000000def3bf18) thrown at [C:\workspace\8-2-build-windows-amd64-cygwin\jdk8u31\2394\hotspot\src\share\vm\prims\jvm.cpp, line 1312]

Events (10 events):
Event: 12.659 loading class com/sun/jersey/api/client/Client done
Event: 12.659 loading class com/sun/jersey/api/client/filter/Filterable
Event: 12.659 loading class com/sun/jersey/api/client/filter/Filterable done
Event: 12.660 loading class org/apache/http/impl/client/DefaultHttpClient
Event: 12.660 loading class org/apache/http/impl/client/DefaultHttpClient done
Event: 12.660 loading class org/apache/http/impl/client/AbstractHttpClient
Event: 12.660 loading class org/apache/http/impl/client/AbstractHttpClient done
Event: 12.661 loading class org/apache/http/params/SyncBasicHttpParams
Event: 12.661 loading class org/apache/http/params/SyncBasicHttpParams done
Event: 12.661 Executing VM operation: CollectForMetadataAllocation


Dynamic libraries:
0x00007ff683a00000 - 0x00007ff683a34000 	C:\Program Files\Java\jdk1.8.0_31\bin\java.exe
0x00007ffa4b370000 - 0x00007ffa4b565000 	C:\WINDOWS\SYSTEM32\ntdll.dll
0x00007ffa4b1b0000 - 0x00007ffa4b26e000 	C:\WINDOWS\System32\KERNEL32.DLL
0x00007ffa48cf0000 - 0x00007ffa48fb8000 	C:\WINDOWS\System32\KERNELBASE.dll
0x00007ffa4a340000 - 0x00007ffa4a3ec000 	C:\WINDOWS\System32\ADVAPI32.dll
0x00007ffa4b110000 - 0x00007ffa4b1ae000 	C:\WINDOWS\System32\msvcrt.dll
0x00007ffa4af70000 - 0x00007ffa4b00b000 	C:\WINDOWS\System32\sechost.dll
0x00007ffa4a860000 - 0x00007ffa4a98a000 	C:\WINDOWS\System32\RPCRT4.dll
0x00007ffa4acf0000 - 0x00007ffa4ae91000 	C:\WINDOWS\System32\USER32.dll
0x00007ffa48a80000 - 0x00007ffa48aa2000 	C:\WINDOWS\System32\win32u.dll
0x00007ffa4a550000 - 0x00007ffa4a57b000 	C:\WINDOWS\System32\GDI32.dll
0x00007ffa48be0000 - 0x00007ffa48ced000 	C:\WINDOWS\System32\gdi32full.dll
0x00007ffa48fc0000 - 0x00007ffa4905d000 	C:\WINDOWS\System32\msvcp_win.dll
0x00007ffa48ab0000 - 0x00007ffa48bb0000 	C:\WINDOWS\System32\ucrtbase.dll
0x00007ffa34fc0000 - 0x00007ffa3525a000 	C:\WINDOWS\WinSxS\amd64_microsoft.windows.common-controls_6595b64144ccf1df_6.0.19041.1110_none_60b5254171f9507e\COMCTL32.dll
0x00007ffa4b270000 - 0x00007ffa4b2a0000 	C:\WINDOWS\System32\IMM32.DLL
0x0000000071bc0000 - 0x0000000071c92000 	C:\Program Files\Java\jdk1.8.0_31\jre\bin\msvcr100.dll
0x0000000070d40000 - 0x000000007159a000 	C:\Program Files\Java\jdk1.8.0_31\jre\bin\server\jvm.dll
0x00007ffa4a3f0000 - 0x00007ffa4a3f8000 	C:\WINDOWS\System32\PSAPI.DLL
0x00007ffa33170000 - 0x00007ffa33179000 	C:\WINDOWS\SYSTEM32\WSOCK32.dll
0x00007ffa4b0a0000 - 0x00007ffa4b10b000 	C:\WINDOWS\System32\WS2_32.dll
0x00007ffa35260000 - 0x00007ffa35287000 	C:\WINDOWS\SYSTEM32\WINMM.dll
0x0000000071bb0000 - 0x0000000071bbf000 	C:\Program Files\Java\jdk1.8.0_31\jre\bin\verify.dll
0x0000000071b80000 - 0x0000000071ba8000 	C:\Program Files\Java\jdk1.8.0_31\jre\bin\java.dll
0x000000006f8b0000 - 0x000000006f8d3000 	C:\Program Files\Java\jdk1.8.0_31\jre\bin\instrument.dll
0x0000000071b60000 - 0x0000000071b76000 	C:\Program Files\Java\jdk1.8.0_31\jre\bin\zip.dll
0x00007ffa49bf0000 - 0x00007ffa4a334000 	C:\WINDOWS\System32\SHELL32.dll
0x00007ffa46b30000 - 0x00007ffa472c4000 	C:\WINDOWS\SYSTEM32\windows.storage.dll
0x00007ffa4a990000 - 0x00007ffa4ace5000 	C:\WINDOWS\System32\combase.dll
0x00007ffa484d0000 - 0x00007ffa484fe000 	C:\WINDOWS\SYSTEM32\Wldp.dll
0x00007ffa49a80000 - 0x00007ffa49b2d000 	C:\WINDOWS\System32\SHCORE.dll
0x00007ffa49b90000 - 0x00007ffa49be5000 	C:\WINDOWS\System32\shlwapi.dll
0x00007ffa489c0000 - 0x00007ffa489df000 	C:\WINDOWS\SYSTEM32\profapi.dll
0x00007ffa37f50000 - 0x00007ffa37f6a000 	E:\idea\IntelliJIDEA2018.2.5\bin\breakgen64.dll
0x0000000071b40000 - 0x0000000071b5a000 	C:\Program Files\Java\jdk1.8.0_31\jre\bin\net.dll
0x00007ffa481f0000 - 0x00007ffa4825a000 	C:\WINDOWS\system32\mswsock.dll
0x0000000071b00000 - 0x0000000071b0d000 	C:\Program Files\Java\jdk1.8.0_31\jre\bin\management.dll
0x0000000071b10000 - 0x0000000071b21000 	C:\Program Files\Java\jdk1.8.0_31\jre\bin\nio.dll
0x00007ffa29890000 - 0x00007ffa298a7000 	C:\WINDOWS\system32\napinsp.dll
0x00007ffa29870000 - 0x00007ffa2988b000 	C:\WINDOWS\system32\pnrpnsp.dll
0x00007ffa29850000 - 0x00007ffa29865000 	C:\WINDOWS\system32\wshbth.dll
0x00007ffa40de0000 - 0x00007ffa40dfd000 	C:\WINDOWS\system32\NLAapi.dll
0x00007ffa47ea0000 - 0x00007ffa47edb000 	C:\WINDOWS\SYSTEM32\IPHLPAPI.DLL
0x00007ffa47ee0000 - 0x00007ffa47fab000 	C:\WINDOWS\SYSTEM32\DNSAPI.dll
0x00007ffa4b320000 - 0x00007ffa4b328000 	C:\WINDOWS\System32\NSI.dll
0x00007ffa29830000 - 0x00007ffa29842000 	C:\WINDOWS\System32\winrnr.dll
0x00007ffa3eeb0000 - 0x00007ffa3eeba000 	C:\Windows\System32\rasadhlp.dll
0x00007ffa3ea60000 - 0x00007ffa3eadf000 	C:\WINDOWS\System32\fwpuclnt.dll
0x00007ffa48bb0000 - 0x00007ffa48bd7000 	C:\WINDOWS\System32\bcrypt.dll
0x00007ffa48420000 - 0x00007ffa48438000 	C:\WINDOWS\SYSTEM32\CRYPTSP.dll
0x00007ffa47b00000 - 0x00007ffa47b34000 	C:\WINDOWS\system32\rsaenh.dll
0x00007ffa48980000 - 0x00007ffa489ae000 	C:\WINDOWS\SYSTEM32\USERENV.dll
0x00007ffa49220000 - 0x00007ffa492a2000 	C:\WINDOWS\System32\bcryptprimitives.dll
0x00007ffa48440000 - 0x00007ffa4844c000 	C:\WINDOWS\SYSTEM32\CRYPTBASE.dll
0x00007ffa3f900000 - 0x00007ffa3f917000 	C:\WINDOWS\SYSTEM32\dhcpcsvc6.DLL
0x00007ffa3f8e0000 - 0x00007ffa3f8fd000 	C:\WINDOWS\SYSTEM32\dhcpcsvc.DLL
0x0000000071ad0000 - 0x0000000071af4000 	C:\Program Files\Java\jdk1.8.0_31\jre\bin\sunec.dll

VM Arguments:
jvm_args: -XX:TieredStopAtLevel=1 -Xverify:none -Dspring.output.ansi.enabled=always -Dcom.sun.management.jmxremote -Dcom.sun.management.jmxremote.port=58208 -Dcom.sun.management.jmxremote.authenticate=false -Dcom.sun.management.jmxremote.ssl=false -Djava.rmi.server.hostname=localhost -Dspring.liveBeansView.mbeanDomain -Dspring.application.admin.enabled=true -javaagent:E:\idea\IntelliJIDEA2018.2.5\lib\idea_rt.jar=58209:E:\idea\IntelliJIDEA2018.2.5\bin -Dfile.encoding=UTF-8 
java_command: com.jjtest.user.UserApplication
java_class_path (initial): C:\Program Files\Java\jdk1.8.0_31\jre\lib\charsets.jar;C:\Program Files\Java\jdk1.8.0_31\jre\lib\deploy.jar;C:\Program Files\Java\jdk1.8.0_31\jre\lib\ext\access-bridge-64.jar;C:\Program Files\Java\jdk1.8.0_31\jre\lib\ext\cldrdata.jar;C:\Program Files\Java\jdk1.8.0_31\jre\lib\ext\dnsns.jar;C:\Program Files\Java\jdk1.8.0_31\jre\lib\ext\jaccess.jar;C:\Program Files\Java\jdk1.8.0_31\jre\lib\ext\jfxrt.jar;C:\Program Files\Java\jdk1.8.0_31\jre\lib\ext\localedata.jar;C:\Program Files\Java\jdk1.8.0_31\jre\lib\ext\nashorn.jar;C:\Program Files\Java\jdk1.8.0_31\jre\lib\ext\sunec.jar;C:\Program Files\Java\jdk1.8.0_31\jre\lib\ext\sunjce_provider.jar;C:\Program Files\Java\jdk1.8.0_31\jre\lib\ext\sunmscapi.jar;C:\Program Files\Java\jdk1.8.0_31\jre\lib\ext\sunpkcs11.jar;C:\Program Files\Java\jdk1.8.0_31\jre\lib\ext\zipfs.jar;C:\Program Files\Java\jdk1.8.0_31\jre\lib\javaws.jar;C:\Program Files\Java\jdk1.8.0_31\jre\lib\jce.jar;C:\Program Files\Java\jdk1.8.0_31\jre\lib\jfr.jar;C:\Program Files\Java\jdk1.8.0_31\jre\lib\jfxswt.jar;C:\Program Files\Java\jdk1.8.0_31\jre\lib\jsse.jar;C:\Program Files\Java\jdk1.8.0_31\jre\lib\management-agent.jar;C:\Program Files\Java\jdk1.8.0_31\jre\lib\plugin.jar;C:\Program Files\Java\jdk1.8.0_31\jre\lib\resources.jar;C:\Program Files\Java\jdk1.8.0_31\jre\lib\rt.jar;F:\ideaworkpath\jjtest\user\target\classes;E:\maven\jar\org\springframework\boot\spring-boot-starter-web-services\2.1.6.RELEASE\spring-boot-starter-web-services-2.1.6.RELEASE.jar;E:\maven\jar\org\springframework\boot\spring-boot-starter-web\2.1.6.RELEASE\spring-boot-starter-web-2.1.6.RELEASE.jar;E:\maven\jar\org\springframework\boot\spring-boot-starter-json\2.1.6.RELEASE\spring-boot-starter-json-2.1.6.RELEASE.jar;E:\maven\jar\com\fasterxml\jackson\datatype\jackson-datatype-jdk8\2.9.9\jackson-datatype-jdk8-2.9.9.jar;E:\maven\jar\com\fasterxml\jackson\datatype\jackson-datatype-jsr310\2.9.9\jackson-datatype-jsr310-2.9.9.jar;E:\maven\jar\com\fasterxml\jackson\module\j
Launcher Type: SUN_STANDARD

Environment Variables:
JAVA_HOME=C:\Program Files\Java\jdk1.8.0_31
PATH=C:\ProgramData\Oracle\Java\javapath;C:\Windows\system32;C:\Windows;C:\Windows\System32\Wbem;C:\Windows\System32\WindowsPowerShell\v1.0\;C:\Windows\System32\OpenSSH\;C:\Program Files (x86)\NVIDIA Corporation\PhysX\Common;C:\Program Files\NVIDIA Corporation\NVIDIA NvDLISR;C:\Program Files\Java\jdk1.8.0_31\BIN;C:\Program Files\TortoiseSVN\bin;C:\Program Files\Git\cmd;E:\nodejs\;E:\nodejs\node_global;E:\mysql-5.7.31-winx64\bin;E:\maven\apache-maven-3.5.0\bin;C:\WINDOWS\system32;C:\WINDOWS;C:\WINDOWS\System32\Wbem;C:\WINDOWS\System32\WindowsPowerShell\v1.0\;C:\WINDOWS\System32\OpenSSH\;E:\python;C:\Users\jiaojiao\AppData\Local\Microsoft\WindowsApps;C:\Users\jiaojiao\AppData\Roaming\npm;E:\VScode\Microsoft VS Code\bin;
USERNAME=jiaojiao
OS=Windows_NT
PROCESSOR_IDENTIFIER=Intel64 Family 6 Model 142 Stepping 12, GenuineIntel



---------------  S Y S T E M  ---------------

OS: Windows 8.1 , 64 bit Build 9600 

CPU:total 8 (4 cores per cpu, 2 threads per core) family 6 model 142 stepping 12, cmov, cx8, fxsr, mmx, sse, sse2, sse3, ssse3, sse4.1, sse4.2, popcnt, avx, avx2, aes, clmul, erms, lzcnt, ht, tsc, tscinvbit, bmi1, bmi2

Memory: 4k page, physical 8215284k(492188k free), swap 27415280k(4720k free)

vm_info: Java HotSpot(TM) 64-Bit Server VM (25.31-b07) for windows-amd64 JRE (1.8.0_31-b13), built on Dec 17 2014 21:00:28 by "java_re" with MS VC++ 10.0 (VS2010)

time: Wed Jan 05 17:45:10 2022
elapsed time: 12 seconds (0d 0h 0m 12s)

