#
# A fatal error has been detected by the Java Runtime Environment:
#
#  EXCEPTION_STACK_OVERFLOW (0xc00000fd) at pc=0x0000000070f3b107, pid=10896, tid=41372
#
# JRE version: Java(TM) SE Runtime Environment (8.0_31-b13) (build 1.8.0_31-b13)
# Java VM: Java HotSpot(TM) 64-Bit Server VM (25.31-b07 mixed mode windows-amd64 compressed oops)
# Problematic frame:
# V  [jvm.dll+0x1fb107]
#
# Failed to write core dump. Minidumps are not enabled by default on client versions of Windows
#
# If you would like to submit a bug report, please visit:
#   http://bugreport.java.com/bugreport/crash.jsp
#

---------------  T H R E A D  ---------------

Current thread (0x000000001afbc000):   daemon []

siginfo: ExceptionCode=0xc00000fd, ExceptionInformation=0x0000000000000001 0x0000000021a9cf40 

Registers:
RAX=0x0000000021a9cf40, RBX=0x0000000000000003, RCX=0x0000000000002000, RDX=0x0000000000000006
RSP=0x0000000021a9ef40, RBP=0x0000000000000000, RSI=0x0000000021a9ef40, RDI=0x0000000000000003
R8 =0x0000000000000006, R9 =0x000000001c848320, R10=0x000000001799c7e8, R11=0x00000000219aa148
R12=0x000000001c848320, R13=0x000000001afbc000, R14=0x0000000021a9f008, R15=0x000000001799c7e8
RIP=0x0000000070f3b107, EFLAGS=0x0000000000010202

Top of Stack: (sp=0x0000000021a9ef40)
0x0000000021a9ef40:   000054f8fb916869 0000000071c14e7e
0x0000000021a9ef50:   000000001afbc000 000000001c848320
0x0000000021a9ef60:   00000000ffffffff 0000000070f3c037
0x0000000021a9ef70:   0000000021a9f070 000000001799c7e8
0x0000000021a9ef80:   000000001afbc000 0000000070df1fb3
0x0000000021a9ef90:   0000000021a9efd0 000000001afbc000
0x0000000021a9efa0:   0000000021a9f060 000000001afbc000
0x0000000021a9efb0:   000000001799c7e8 000000001afbc000
0x0000000021a9efc0:   0000000003490e20 000000001afbc000
0x0000000021a9efd0:   000000001799c7e8 000000001afbc000
0x0000000021a9efe0:   000000001799c7e8 000000001afbc000
0x0000000021a9eff0:   0000000000000001 000000001799c7e8
0x0000000021a9f000:   000000001afbc000 000000001e9e2820
0x0000000021a9f010:   000000001afbc000 0000000070df349d
0x0000000021a9f020:   0000000021a9f328 0000000100006670
0x0000000021a9f030:   0000000100006670 00007ffa23f5116c 

Instructions: (pc=0x0000000070f3b107)
0x0000000070f3b0e7:   48 89 6c 24 30 33 ed 66 90 e8 7b 5c 08 00 ff c3
0x0000000070f3b0f7:   48 63 c8 48 8b c6 48 0f af cf 48 ff c7 48 2b c1
0x0000000070f3b107:   89 28 48 63 c3 48 3b 05 ed 6e 57 00 7e db 48 8b
0x0000000070f3b117:   6c 24 30 48 8b 5c 24 38 48 8b 74 24 40 48 83 c4 


Register to memory mapping:

RAX=0x0000000021a9cf40 is pointing into the stack for thread: 0x000000001afbc000
RBX=0x0000000000000003 is an unknown value
RCX=0x0000000000002000 is an unknown value
RDX=0x0000000000000006 is an unknown value
RSP=0x0000000021a9ef40 is pointing into the stack for thread: 0x000000001afbc000
RBP=0x0000000000000000 is an unknown value
RSI=0x0000000021a9ef40 is pointing into the stack for thread: 0x000000001afbc000
RDI=0x0000000000000003 is an unknown value
R8 =0x0000000000000006 is an unknown value
R9 =0x000000001c848320 is an unknown value
R10={method} {0x000000001799c7f0} 'run' '()V' in 'java/lang/Thread'
R11=0x00000000219aa148 is pointing into the stack for thread: 0x000000001afbc000
R12=0x000000001c848320 is an unknown value
R13=0x000000001afbc000 is a thread
R14=0x0000000021a9f008 is pointing into the stack for thread: 0x000000001afbc000
R15={method} {0x000000001799c7f0} 'run' '()V' in 'java/lang/Thread'


Stack: [0x00000000219a0000,0x0000000021aa0000],  sp=0x0000000021a9ef40,  free space=1019k
Native frames: (J=compiled Java code, j=interpreted, Vv=VM code, C=native code)


---------------  P R O C E S S  ---------------

Java Threads: ( => current thread )
=>0x000000001afbc000 JavaThread "JMX server connection timeout 57" daemon [_thread_in_vm, id=41372, stack(0x00000000219a0000,0x0000000021aa0000)]
  0x000000001afbd000 JavaThread "Eureka-MeasureRateTimer" daemon [_thread_blocked, id=43612, stack(0x00000000212a0000,0x00000000213a0000)]
  0x000000001afb8800 JavaThread "ReplicaAwareInstanceRegistry - RenewalThresholdUpdater" daemon [_thread_blocked, id=82280, stack(0x00000000211a0000,0x00000000212a0000)]
  0x000000001afbe800 JavaThread "Eureka-MeasureRateTimer" daemon [_thread_blocked, id=68316, stack(0x00000000210a0000,0x00000000211a0000)]
  0x000000001afba800 JavaThread "Eureka-EvictionTimer" daemon [_thread_blocked, id=58564, stack(0x0000000020fa0000,0x00000000210a0000)]
  0x000000001afbd800 JavaThread "Eureka-DeltaRetentionTimer" daemon [_thread_blocked, id=80604, stack(0x0000000020ea0000,0x0000000020fa0000)]
  0x000000001afbf000 JavaThread "container-0" [_thread_blocked, id=90340, stack(0x00000000207a0000,0x00000000208a0000)]
  0x000000001afba000 JavaThread "Catalina-utility-2" [_thread_blocked, id=50220, stack(0x00000000206a0000,0x00000000207a0000)]
  0x000000001afbb800 JavaThread "Catalina-utility-1" [_thread_blocked, id=17684, stack(0x00000000205a0000,0x00000000206a0000)]
  0x000000001afb9000 JavaThread "lettuce-eventExecutorLoop-1-1" daemon [_thread_blocked, id=24564, stack(0x000000001fea0000,0x000000001ffa0000)]
  0x000000001bc0e000 JavaThread "spring.cloud.inetutils" daemon [_thread_blocked, id=28676, stack(0x000000001fda0000,0x000000001fea0000)]
  0x000000001e80f800 JavaThread "AsyncReporter{org.springframework.cloud.sleuth.zipkin2.sender.RestTemplateSender@79b18230}" daemon [_thread_blocked, id=50900, stack(0x000000001ced0000,0x000000001cfd0000)]
  0x000000001bc77000 JavaThread "RMI TCP Connection(2)-127.0.0.1" daemon [_thread_blocked, id=92716, stack(0x000000001cd20000,0x000000001ce20000)]
  0x000000001bc72800 JavaThread "RMI Scheduler(0)" daemon [_thread_blocked, id=38148, stack(0x000000001cc20000,0x000000001cd20000)]
  0x000000001b0f3800 JavaThread "RMI TCP Accept-0" daemon [_thread_in_native, id=78580, stack(0x000000001ba50000,0x000000001bb50000)]
  0x000000001b0eb000 JavaThread "RMI TCP Connection(1)-127.0.0.1" daemon [_thread_in_native, id=63980, stack(0x000000001b950000,0x000000001ba50000)]
  0x000000001b0d7000 JavaThread "RMI TCP Accept-58119" daemon [_thread_in_native, id=19448, stack(0x000000001b850000,0x000000001b950000)]
  0x000000001b07a000 JavaThread "RMI TCP Accept-0" daemon [_thread_in_native, id=65440, stack(0x000000001b750000,0x000000001b850000)]
  0x000000001af6a800 JavaThread "Service Thread" daemon [_thread_blocked, id=83712, stack(0x000000001b630000,0x000000001b730000)]
  0x000000001aee0000 JavaThread "C1 CompilerThread3" daemon [_thread_blocked, id=18904, stack(0x000000001b530000,0x000000001b630000)]
  0x000000001aeda800 JavaThread "C2 CompilerThread2" daemon [_thread_blocked, id=49764, stack(0x000000001b430000,0x000000001b530000)]
  0x000000001aed5800 JavaThread "C2 CompilerThread1" daemon [_thread_blocked, id=58520, stack(0x000000001b330000,0x000000001b430000)]
  0x000000001aeab800 JavaThread "C2 CompilerThread0" daemon [_thread_blocked, id=19284, stack(0x000000001b230000,0x000000001b330000)]
  0x000000001ad6c000 JavaThread "Monitor Ctrl-Break" daemon [_thread_in_native, id=47600, stack(0x000000001b130000,0x000000001b230000)]
  0x000000001a3bd800 JavaThread "Attach Listener" daemon [_thread_blocked, id=76028, stack(0x000000001a830000,0x000000001a930000)]
  0x000000001a370800 JavaThread "Signal Dispatcher" daemon [_thread_blocked, id=69024, stack(0x000000001a730000,0x000000001a830000)]
  0x000000001835f800 JavaThread "Finalizer" daemon [_thread_blocked, id=95396, stack(0x000000001a230000,0x000000001a330000)]
  0x0000000018358800 JavaThread "Reference Handler" daemon [_thread_blocked, id=7276, stack(0x000000001a130000,0x000000001a230000)]
  0x00000000031cb000 JavaThread "main" [_thread_blocked, id=56104, stack(0x00000000030c0000,0x00000000031c0000)]

Other Threads:
  0x00000000032bd800 VMThread [stack: 0x000000001a030000,0x000000001a130000] [id=6280]
  0x000000001bb92800 WatcherThread [stack: 0x000000001cb20000,0x000000001cc20000] [id=81568]

VM state:synchronizing (normal execution)

VM Mutex/Monitor currently owned by a thread:  ([mutex/lock_event])
[0x00000000031c14d0] Threads_lock - owner thread: 0x00000000032bd800

Heap:
 PSYoungGen      total 288768K, used 7182K [0x00000000d6380000, 0x00000000e9480000, 0x0000000100000000)
  eden space 273408K, 2% used [0x00000000d6380000,0x00000000d6a83a28,0x00000000e6e80000)
  from space 15360K, 0% used [0x00000000e6e80000,0x00000000e6e80000,0x00000000e7d80000)
  to   space 17408K, 0% used [0x00000000e8380000,0x00000000e8380000,0x00000000e9480000)
 ParOldGen       total 86528K, used 28183K [0x0000000082a00000, 0x0000000087e80000, 0x00000000d6380000)
  object space 86528K, 32% used [0x0000000082a00000,0x0000000084585f00,0x0000000087e80000)
 Metaspace       used 54682K, capacity 57370K, committed 58280K, reserved 1105920K
  class space    used 7562K, capacity 7994K, committed 8112K, reserved 1048576K

Card table byte_map: [0x0000000012840000,0x0000000012c30000] byte_map_base: 0x000000001242b000

Marking Bits: (ParMarkBitMap*) 0x000000007151d4f0
 Begin Bits: [0x00000000136d0000, 0x0000000015628000)
 End Bits:   [0x0000000015628000, 0x0000000017580000)

Polling page: 0x0000000001590000

CodeCache: size=245760Kb used=10693Kb max_used=10693Kb free=235066Kb
 bounds [0x0000000003480000, 0x0000000003f00000, 0x0000000012480000]
 total_blobs=5928 nmethods=5422 adapters=417
 compilation: enabled

Compilation events (10 events):
Event: 12.567 Thread 0x000000001aee0000 nmethod 5508 0x0000000003ef1a90 code [0x0000000003ef1be0, 0x0000000003ef1d08]
Event: 12.567 Thread 0x000000001aee0000 5509       1       com.netflix.servo.tag.SmallTagMap$SmallTagIterator::next (43 bytes)
Event: 12.567 Thread 0x000000001aee0000 nmethod 5509 0x0000000003ef1d90 code [0x0000000003ef1f00, 0x0000000003ef20a8]
Event: 12.567 Thread 0x000000001aee0000 5510       1       com.netflix.servo.jmx.ObjectNameBuilder::sanitizeValue (13 bytes)
Event: 12.567 Thread 0x000000001aee0000 nmethod 5510 0x0000000003ef21d0 code [0x0000000003ef2340, 0x0000000003ef2498]
Event: 12.567 Thread 0x000000001aee0000 5506       1       com.netflix.servo.tag.SmallTagMap$Builder$$Lambda$751/2022543673::compare (12 bytes)
Event: 12.567 Thread 0x000000001aee0000 nmethod 5506 0x0000000003ef2550 code [0x0000000003ef26c0, 0x0000000003ef2888]
Event: 12.567 Thread 0x000000001aee0000 5507       1       com.netflix.servo.tag.SmallTagMap$Builder::lambda$result$0 (38 bytes)
Event: 12.567 Thread 0x000000001aee0000 nmethod 5507 0x0000000003ef2950 code [0x0000000003ef2b00, 0x0000000003ef2d18]
Event: 12.567 Thread 0x000000001aee0000 5512       1       com.netflix.servo.util.Preconditions::checkNotNull (29 bytes)

GC Heap History (10 events):
Event: 12.224 GC heap before
{Heap before GC invocations=20 (full 5):
 PSYoungGen      total 288768K, used 0K [0x00000000d6380000, 0x00000000e9600000, 0x0000000100000000)
  eden space 273408K, 0% used [0x00000000d6380000,0x00000000d6380000,0x00000000e6e80000)
  from space 15360K, 0% used [0x00000000e6e80000,0x00000000e6e80000,0x00000000e7d80000)
  to   space 14848K, 0% used [0x00000000e7d80000,0x00000000e7d80000,0x00000000e8c00000)
 ParOldGen       total 86528K, used 36132K [0x0000000082a00000, 0x0000000087e80000, 0x00000000d6380000)
  object space 86528K, 41% used [0x0000000082a00000,0x0000000084d49388,0x0000000087e80000)
 Metaspace       used 55068K, capacity 57930K, committed 58024K, reserved 1110016K
  class space    used 7620K, capacity 8098K, committed 8112K, reserved 1048576K
Event: 12.401 GC heap after
Heap after GC invocations=20 (full 5):
 PSYoungGen      total 288768K, used 0K [0x00000000d6380000, 0x00000000e9600000, 0x0000000100000000)
  eden space 273408K, 0% used [0x00000000d6380000,0x00000000d6380000,0x00000000e6e80000)
  from space 15360K, 0% used [0x00000000e6e80000,0x00000000e6e80000,0x00000000e7d80000)
  to   space 14848K, 0% used [0x00000000e7d80000,0x00000000e7d80000,0x00000000e8c00000)
 ParOldGen       total 86528K, used 28173K [0x0000000082a00000, 0x0000000087e80000, 0x00000000d6380000)
  object space 86528K, 32% used [0x0000000082a00000,0x00000000845837c0,0x0000000087e80000)
 Metaspace       used 54664K, capacity 57282K, committed 58024K, reserved 1105920K
  class space    used 7560K, capacity 7990K, committed 8112K, reserved 1048576K
}
Event: 12.402 GC heap before
{Heap before GC invocations=21 (full 5):
 PSYoungGen      total 288768K, used 6375K [0x00000000d6380000, 0x00000000e9600000, 0x0000000100000000)
  eden space 273408K, 2% used [0x00000000d6380000,0x00000000d69b9d68,0x00000000e6e80000)
  from space 15360K, 0% used [0x00000000e6e80000,0x00000000e6e80000,0x00000000e7d80000)
  to   space 14848K, 0% used [0x00000000e7d80000,0x00000000e7d80000,0x00000000e8c00000)
 ParOldGen       total 86528K, used 28173K [0x0000000082a00000, 0x0000000087e80000, 0x00000000d6380000)
  object space 86528K, 32% used [0x0000000082a00000,0x00000000845837c0,0x0000000087e80000)
 Metaspace       used 54665K, capacity 57282K, committed 58024K, reserved 1112064K
  class space    used 7560K, capacity 7990K, committed 8112K, reserved 1048576K
Event: 12.405 GC heap after
Heap after GC invocations=21 (full 5):
 PSYoungGen      total 288256K, used 192K [0x00000000d6380000, 0x00000000e9600000, 0x0000000100000000)
  eden space 273408K, 0% used [0x00000000d6380000,0x00000000d6380000,0x00000000e6e80000)
  from space 14848K, 1% used [0x00000000e7d80000,0x00000000e7db0000,0x00000000e8c00000)
  to   space 15360K, 0% used [0x00000000e6e80000,0x00000000e6e80000,0x00000000e7d80000)
 ParOldGen       total 86528K, used 28173K [0x0000000082a00000, 0x0000000087e80000, 0x00000000d6380000)
  object space 86528K, 32% used [0x0000000082a00000,0x00000000845837c0,0x0000000087e80000)
 Metaspace       used 54665K, capacity 57282K, committed 58024K, reserved 1112064K
  class space    used 7560K, capacity 7990K, committed 8112K, reserved 1048576K
}
Event: 12.405 GC heap before
{Heap before GC invocations=22 (full 6):
 PSYoungGen      total 288256K, used 192K [0x00000000d6380000, 0x00000000e9600000, 0x0000000100000000)
  eden space 273408K, 0% used [0x00000000d6380000,0x00000000d6380000,0x00000000e6e80000)
  from space 14848K, 1% used [0x00000000e7d80000,0x00000000e7db0000,0x00000000e8c00000)
  to   space 15360K, 0% used [0x00000000e6e80000,0x00000000e6e80000,0x00000000e7d80000)
 ParOldGen       total 86528K, used 28173K [0x0000000082a00000, 0x0000000087e80000, 0x00000000d6380000)
  object space 86528K, 32% used [0x0000000082a00000,0x00000000845837c0,0x0000000087e80000)
 Metaspace       used 54665K, capacity 57282K, committed 58024K, reserved 1112064K
  class space    used 7560K, capacity 7990K, committed 8112K, reserved 1048576K
Event: 12.486 GC heap after
Heap after GC invocations=22 (full 6):
 PSYoungGen      total 288256K, used 0K [0x00000000d6380000, 0x00000000e9600000, 0x0000000100000000)
  eden space 273408K, 0% used [0x00000000d6380000,0x00000000d6380000,0x00000000e6e80000)
  from space 14848K, 0% used [0x00000000e7d80000,0x00000000e7d80000,0x00000000e8c00000)
  to   space 15360K, 0% used [0x00000000e6e80000,0x00000000e6e80000,0x00000000e7d80000)
 ParOldGen       total 86528K, used 28185K [0x0000000082a00000, 0x0000000087e80000, 0x00000000d6380000)
  object space 86528K, 32% used [0x0000000082a00000,0x00000000845864a8,0x0000000087e80000)
 Metaspace       used 54665K, capacity 57282K, committed 58024K, reserved 1105920K
  class space    used 7560K, capacity 7990K, committed 8112K, reserved 1048576K
}
Event: 12.486 GC heap before
{Heap before GC invocations=23 (full 6):
 PSYoungGen      total 288256K, used 0K [0x00000000d6380000, 0x00000000e9600000, 0x0000000100000000)
  eden space 273408K, 0% used [0x00000000d6380000,0x00000000d6380000,0x00000000e6e80000)
  from space 14848K, 0% used [0x00000000e7d80000,0x00000000e7d80000,0x00000000e8c00000)
  to   space 15360K, 0% used [0x00000000e6e80000,0x00000000e6e80000,0x00000000e7d80000)
 ParOldGen       total 86528K, used 28185K [0x0000000082a00000, 0x0000000087e80000, 0x00000000d6380000)
  object space 86528K, 32% used [0x0000000082a00000,0x00000000845864a8,0x0000000087e80000)
 Metaspace       used 54665K, capacity 57282K, committed 58024K, reserved 1110016K
  class space    used 7560K, capacity 7990K, committed 8112K, reserved 1048576K
Event: 12.488 GC heap after
Heap after GC invocations=23 (full 6):
 PSYoungGen      total 288768K, used 0K [0x00000000d6380000, 0x00000000e9480000, 0x0000000100000000)
  eden space 273408K, 0% used [0x00000000d6380000,0x00000000d6380000,0x00000000e6e80000)
  from space 15360K, 0% used [0x00000000e6e80000,0x00000000e6e80000,0x00000000e7d80000)
  to   space 17408K, 0% used [0x00000000e8380000,0x00000000e8380000,0x00000000e9480000)
 ParOldGen       total 86528K, used 28185K [0x0000000082a00000, 0x0000000087e80000, 0x00000000d6380000)
  object space 86528K, 32% used [0x0000000082a00000,0x00000000845864a8,0x0000000087e80000)
 Metaspace       used 54665K, capacity 57282K, committed 58024K, reserved 1110016K
  class space    used 7560K, capacity 7990K, committed 8112K, reserved 1048576K
}
Event: 12.489 GC heap before
{Heap before GC invocations=24 (full 7):
 PSYoungGen      total 288768K, used 0K [0x00000000d6380000, 0x00000000e9480000, 0x0000000100000000)
  eden space 273408K, 0% used [0x00000000d6380000,0x00000000d6380000,0x00000000e6e80000)
  from space 15360K, 0% used [0x00000000e6e80000,0x00000000e6e80000,0x00000000e7d80000)
  to   space 17408K, 0% used [0x00000000e8380000,0x00000000e8380000,0x00000000e9480000)
 ParOldGen       total 86528K, used 28185K [0x0000000082a00000, 0x0000000087e80000, 0x00000000d6380000)
  object space 86528K, 32% used [0x0000000082a00000,0x00000000845864a8,0x0000000087e80000)
 Metaspace       used 54665K, capacity 57282K, committed 58024K, reserved 1110016K
  class space    used 7560K, capacity 7990K, committed 8112K, reserved 1048576K
Event: 12.564 GC heap after
Heap after GC invocations=24 (full 7):
 PSYoungGen      total 288768K, used 0K [0x00000000d6380000, 0x00000000e9480000, 0x0000000100000000)
  eden space 273408K, 0% used [0x00000000d6380000,0x00000000d6380000,0x00000000e6e80000)
  from space 15360K, 0% used [0x00000000e6e80000,0x00000000e6e80000,0x00000000e7d80000)
  to   space 17408K, 0% used [0x00000000e8380000,0x00000000e8380000,0x00000000e9480000)
 ParOldGen       total 86528K, used 28183K [0x0000000082a00000, 0x0000000087e80000, 0x00000000d6380000)
  object space 86528K, 32% used [0x0000000082a00000,0x0000000084585f00,0x0000000087e80000)
 Metaspace       used 54665K, capacity 57282K, committed 58024K, reserved 1105920K
  class space    used 7560K, capacity 7990K, committed 8112K, reserved 1048576K
}

Deoptimization events (0 events):
No events

Internal exceptions (10 events):
Event: 12.116 Thread 0x00000000031cb000 Exception <a 'java/security/PrivilegedActionException'> (0x00000000d6e4fb98) thrown at [C:\workspace\8-2-build-windows-amd64-cygwin\jdk8u31\2394\hotspot\src\share\vm\prims\jvm.cpp, line 1312]
Event: 12.118 Thread 0x00000000031cb000 Exception <a 'java/security/PrivilegedActionException'> (0x00000000d6e87790) thrown at [C:\workspace\8-2-build-windows-amd64-cygwin\jdk8u31\2394\hotspot\src\share\vm\prims\jvm.cpp, line 1312]
Event: 12.119 Thread 0x00000000031cb000 Exception <a 'java/security/PrivilegedActionException'> (0x00000000d6ea1c50) thrown at [C:\workspace\8-2-build-windows-amd64-cygwin\jdk8u31\2394\hotspot\src\share\vm\prims\jvm.cpp, line 1312]
Event: 12.119 Thread 0x00000000031cb000 Exception <a 'java/security/PrivilegedActionException'> (0x00000000d6eaf028) thrown at [C:\workspace\8-2-build-windows-amd64-cygwin\jdk8u31\2394\hotspot\src\share\vm\prims\jvm.cpp, line 1312]
Event: 12.120 Thread 0x00000000031cb000 Exception <a 'java/security/PrivilegedActionException'> (0x00000000d6ec1928) thrown at [C:\workspace\8-2-build-windows-amd64-cygwin\jdk8u31\2394\hotspot\src\share\vm\prims\jvm.cpp, line 1312]
Event: 12.121 Thread 0x00000000031cb000 Exception <a 'java/security/PrivilegedActionException'> (0x00000000d6edd480) thrown at [C:\workspace\8-2-build-windows-amd64-cygwin\jdk8u31\2394\hotspot\src\share\vm\prims\jvm.cpp, line 1312]
Event: 12.121 Thread 0x00000000031cb000 Exception <a 'java/security/PrivilegedActionException'> (0x00000000d6ee9e78) thrown at [C:\workspace\8-2-build-windows-amd64-cygwin\jdk8u31\2394\hotspot\src\share\vm\prims\jvm.cpp, line 1312]
Event: 12.401 Thread 0x00000000031cb000 Exception <a 'java/lang/OutOfMemoryError'> (0x0000000082aeddd0) thrown at [C:\workspace\8-2-build-windows-amd64-cygwin\jdk8u31\2394\hotspot\src\share\vm\memory\metaspace.cpp, line 3506]
Event: 12.401 Thread 0x00000000031cb000 Exception <a 'java/lang/OutOfMemoryError'> (0x0000000082aeddd0) thrown at [C:\workspace\8-2-build-windows-amd64-cygwin\jdk8u31\2394\hotspot\src\share\vm\prims\jvm.cpp, line 1316]
Event: 12.401 Thread 0x00000000031cb000 Exception <a 'java/lang/reflect/InvocationTargetException'> (0x00000000d64a3b48) thrown at [C:\workspace\8-2-build-windows-amd64-cygwin\jdk8u31\2394\hotspot\src\share\vm\runtime\reflection.cpp, line 1080]

Events (10 events):
Event: 12.121 loading class com/sun/jersey/api/client/filter/Filterable
Event: 12.121 loading class com/sun/jersey/api/client/filter/Filterable done
Event: 12.121 loading class org/apache/http/impl/client/DefaultHttpClient
Event: 12.121 loading class org/apache/http/impl/client/DefaultHttpClient done
Event: 12.121 Executing VM operation: CollectForMetadataAllocation
Event: 12.401 Executing VM operation: CollectForMetadataAllocation done
Event: 12.402 Executing VM operation: CollectForMetadataAllocation
Event: 12.564 Executing VM operation: CollectForMetadataAllocation done
Event: 12.567 Thread 0x000000001afbc000 Thread added: 0x000000001afbc000
Event: 12.567 Executing VM operation: RevokeBias


Dynamic libraries:
0x00007ff683a00000 - 0x00007ff683a34000 	C:\Program Files\Java\jdk1.8.0_31\bin\java.exe
0x00007ffa4b370000 - 0x00007ffa4b565000 	C:\WINDOWS\SYSTEM32\ntdll.dll
0x00007ffa4b1b0000 - 0x00007ffa4b26e000 	C:\WINDOWS\System32\KERNEL32.DLL
0x00007ffa48cf0000 - 0x00007ffa48fb8000 	C:\WINDOWS\System32\KERNELBASE.dll
0x00007ffa4a340000 - 0x00007ffa4a3ec000 	C:\WINDOWS\System32\ADVAPI32.dll
0x00007ffa4b110000 - 0x00007ffa4b1ae000 	C:\WINDOWS\System32\msvcrt.dll
0x00007ffa4af70000 - 0x00007ffa4b00b000 	C:\WINDOWS\System32\sechost.dll
0x00007ffa4a860000 - 0x00007ffa4a98a000 	C:\WINDOWS\System32\RPCRT4.dll
0x00007ffa4acf0000 - 0x00007ffa4ae91000 	C:\WINDOWS\System32\USER32.dll
0x00007ffa48a80000 - 0x00007ffa48aa2000 	C:\WINDOWS\System32\win32u.dll
0x00007ffa4a550000 - 0x00007ffa4a57b000 	C:\WINDOWS\System32\GDI32.dll
0x00007ffa48be0000 - 0x00007ffa48ced000 	C:\WINDOWS\System32\gdi32full.dll
0x00007ffa48fc0000 - 0x00007ffa4905d000 	C:\WINDOWS\System32\msvcp_win.dll
0x00007ffa48ab0000 - 0x00007ffa48bb0000 	C:\WINDOWS\System32\ucrtbase.dll
0x00007ffa34fc0000 - 0x00007ffa3525a000 	C:\WINDOWS\WinSxS\amd64_microsoft.windows.common-controls_6595b64144ccf1df_6.0.19041.1110_none_60b5254171f9507e\COMCTL32.dll
0x00007ffa4b270000 - 0x00007ffa4b2a0000 	C:\WINDOWS\System32\IMM32.DLL
0x0000000071bc0000 - 0x0000000071c92000 	C:\Program Files\Java\jdk1.8.0_31\jre\bin\msvcr100.dll
0x0000000070d40000 - 0x000000007159a000 	C:\Program Files\Java\jdk1.8.0_31\jre\bin\server\jvm.dll
0x00007ffa4a3f0000 - 0x00007ffa4a3f8000 	C:\WINDOWS\System32\PSAPI.DLL
0x00007ffa33170000 - 0x00007ffa33179000 	C:\WINDOWS\SYSTEM32\WSOCK32.dll
0x00007ffa35260000 - 0x00007ffa35287000 	C:\WINDOWS\SYSTEM32\WINMM.dll
0x00007ffa4b0a0000 - 0x00007ffa4b10b000 	C:\WINDOWS\System32\WS2_32.dll
0x0000000071bb0000 - 0x0000000071bbf000 	C:\Program Files\Java\jdk1.8.0_31\jre\bin\verify.dll
0x0000000071b80000 - 0x0000000071ba8000 	C:\Program Files\Java\jdk1.8.0_31\jre\bin\java.dll
0x000000006f8b0000 - 0x000000006f8d3000 	C:\Program Files\Java\jdk1.8.0_31\jre\bin\instrument.dll
0x0000000071b60000 - 0x0000000071b76000 	C:\Program Files\Java\jdk1.8.0_31\jre\bin\zip.dll
0x00007ffa49bf0000 - 0x00007ffa4a334000 	C:\WINDOWS\System32\SHELL32.dll
0x00007ffa46b30000 - 0x00007ffa472c4000 	C:\WINDOWS\SYSTEM32\windows.storage.dll
0x00007ffa4a990000 - 0x00007ffa4ace5000 	C:\WINDOWS\System32\combase.dll
0x00007ffa484d0000 - 0x00007ffa484fe000 	C:\WINDOWS\SYSTEM32\Wldp.dll
0x00007ffa49a80000 - 0x00007ffa49b2d000 	C:\WINDOWS\System32\SHCORE.dll
0x00007ffa49b90000 - 0x00007ffa49be5000 	C:\WINDOWS\System32\shlwapi.dll
0x00007ffa489c0000 - 0x00007ffa489df000 	C:\WINDOWS\SYSTEM32\profapi.dll
0x00007ffa23f50000 - 0x00007ffa23f6a000 	E:\idea\IntelliJIDEA2018.2.5\bin\breakgen64.dll
0x0000000071b40000 - 0x0000000071b5a000 	C:\Program Files\Java\jdk1.8.0_31\jre\bin\net.dll
0x00007ffa481f0000 - 0x00007ffa4825a000 	C:\WINDOWS\system32\mswsock.dll
0x0000000071b00000 - 0x0000000071b0d000 	C:\Program Files\Java\jdk1.8.0_31\jre\bin\management.dll
0x0000000071b10000 - 0x0000000071b21000 	C:\Program Files\Java\jdk1.8.0_31\jre\bin\nio.dll
0x00007ffa29890000 - 0x00007ffa298a7000 	C:\WINDOWS\system32\napinsp.dll
0x00007ffa29870000 - 0x00007ffa2988b000 	C:\WINDOWS\system32\pnrpnsp.dll
0x00007ffa29850000 - 0x00007ffa29865000 	C:\WINDOWS\system32\wshbth.dll
0x00007ffa40de0000 - 0x00007ffa40dfd000 	C:\WINDOWS\system32\NLAapi.dll
0x00007ffa47ea0000 - 0x00007ffa47edb000 	C:\WINDOWS\SYSTEM32\IPHLPAPI.DLL
0x00007ffa47ee0000 - 0x00007ffa47fab000 	C:\WINDOWS\SYSTEM32\DNSAPI.dll
0x00007ffa4b320000 - 0x00007ffa4b328000 	C:\WINDOWS\System32\NSI.dll
0x00007ffa29830000 - 0x00007ffa29842000 	C:\WINDOWS\System32\winrnr.dll
0x00007ffa3eeb0000 - 0x00007ffa3eeba000 	C:\Windows\System32\rasadhlp.dll
0x00007ffa3ea60000 - 0x00007ffa3eadf000 	C:\WINDOWS\System32\fwpuclnt.dll
0x00007ffa48bb0000 - 0x00007ffa48bd7000 	C:\WINDOWS\System32\bcrypt.dll
0x00007ffa48420000 - 0x00007ffa48438000 	C:\WINDOWS\SYSTEM32\CRYPTSP.dll
0x00007ffa47b00000 - 0x00007ffa47b34000 	C:\WINDOWS\system32\rsaenh.dll
0x00007ffa48980000 - 0x00007ffa489ae000 	C:\WINDOWS\SYSTEM32\USERENV.dll
0x00007ffa49220000 - 0x00007ffa492a2000 	C:\WINDOWS\System32\bcryptprimitives.dll
0x00007ffa48440000 - 0x00007ffa4844c000 	C:\WINDOWS\SYSTEM32\CRYPTBASE.dll
0x00007ffa3f900000 - 0x00007ffa3f917000 	C:\WINDOWS\SYSTEM32\dhcpcsvc6.DLL
0x00007ffa3f8e0000 - 0x00007ffa3f8fd000 	C:\WINDOWS\SYSTEM32\dhcpcsvc.DLL
0x0000000071ad0000 - 0x0000000071af4000 	C:\Program Files\Java\jdk1.8.0_31\jre\bin\sunec.dll

VM Arguments:
jvm_args: -XX:TieredStopAtLevel=1 -Xverify:none -Dspring.output.ansi.enabled=always -Dcom.sun.management.jmxremote -Dcom.sun.management.jmxremote.port=58119 -Dcom.sun.management.jmxremote.authenticate=false -Dcom.sun.management.jmxremote.ssl=false -Djava.rmi.server.hostname=localhost -Dspring.liveBeansView.mbeanDomain -Dspring.application.admin.enabled=true -javaagent:E:\idea\IntelliJIDEA2018.2.5\lib\idea_rt.jar=58120:E:\idea\IntelliJIDEA2018.2.5\bin -Dfile.encoding=UTF-8 
java_command: com.example.eureka.EurekaApplication
java_class_path (initial): C:\Program Files\Java\jdk1.8.0_31\jre\lib\charsets.jar;C:\Program Files\Java\jdk1.8.0_31\jre\lib\deploy.jar;C:\Program Files\Java\jdk1.8.0_31\jre\lib\ext\access-bridge-64.jar;C:\Program Files\Java\jdk1.8.0_31\jre\lib\ext\cldrdata.jar;C:\Program Files\Java\jdk1.8.0_31\jre\lib\ext\dnsns.jar;C:\Program Files\Java\jdk1.8.0_31\jre\lib\ext\jaccess.jar;C:\Program Files\Java\jdk1.8.0_31\jre\lib\ext\jfxrt.jar;C:\Program Files\Java\jdk1.8.0_31\jre\lib\ext\localedata.jar;C:\Program Files\Java\jdk1.8.0_31\jre\lib\ext\nashorn.jar;C:\Program Files\Java\jdk1.8.0_31\jre\lib\ext\sunec.jar;C:\Program Files\Java\jdk1.8.0_31\jre\lib\ext\sunjce_provider.jar;C:\Program Files\Java\jdk1.8.0_31\jre\lib\ext\sunmscapi.jar;C:\Program Files\Java\jdk1.8.0_31\jre\lib\ext\sunpkcs11.jar;C:\Program Files\Java\jdk1.8.0_31\jre\lib\ext\zipfs.jar;C:\Program Files\Java\jdk1.8.0_31\jre\lib\javaws.jar;C:\Program Files\Java\jdk1.8.0_31\jre\lib\jce.jar;C:\Program Files\Java\jdk1.8.0_31\jre\lib\jfr.jar;C:\Program Files\Java\jdk1.8.0_31\jre\lib\jfxswt.jar;C:\Program Files\Java\jdk1.8.0_31\jre\lib\jsse.jar;C:\Program Files\Java\jdk1.8.0_31\jre\lib\management-agent.jar;C:\Program Files\Java\jdk1.8.0_31\jre\lib\plugin.jar;C:\Program Files\Java\jdk1.8.0_31\jre\lib\resources.jar;C:\Program Files\Java\jdk1.8.0_31\jre\lib\rt.jar;F:\ideaworkpath\jjtest\eureka\target\classes;E:\maven\jar\org\springframework\boot\spring-boot-starter\2.1.6.RELEASE\spring-boot-starter-2.1.6.RELEASE.jar;E:\maven\jar\org\springframework\boot\spring-boot\2.1.6.RELEASE\spring-boot-2.1.6.RELEASE.jar;E:\maven\jar\org\springframework\boot\spring-boot-autoconfigure\2.1.6.RELEASE\spring-boot-autoconfigure-2.1.6.RELEASE.jar;E:\maven\jar\org\springframework\boot\spring-boot-starter-logging\2.1.6.RELEASE\spring-boot-starter-logging-2.1.6.RELEASE.jar;E:\maven\jar\ch\qos\logback\logback-classic\1.2.3\logback-classic-1.2.3.jar;E:\maven\jar\ch\qos\logback\logback-core\1.2.3\logback-core-1.2.3.jar;E:\maven\jar\org\apache\loggi
Launcher Type: SUN_STANDARD

Environment Variables:
JAVA_HOME=C:\Program Files\Java\jdk1.8.0_31
PATH=C:\ProgramData\Oracle\Java\javapath;C:\Windows\system32;C:\Windows;C:\Windows\System32\Wbem;C:\Windows\System32\WindowsPowerShell\v1.0\;C:\Windows\System32\OpenSSH\;C:\Program Files (x86)\NVIDIA Corporation\PhysX\Common;C:\Program Files\NVIDIA Corporation\NVIDIA NvDLISR;C:\Program Files\Java\jdk1.8.0_31\BIN;C:\Program Files\TortoiseSVN\bin;C:\Program Files\Git\cmd;E:\nodejs\;E:\nodejs\node_global;E:\mysql-5.7.31-winx64\bin;E:\maven\apache-maven-3.5.0\bin;C:\WINDOWS\system32;C:\WINDOWS;C:\WINDOWS\System32\Wbem;C:\WINDOWS\System32\WindowsPowerShell\v1.0\;C:\WINDOWS\System32\OpenSSH\;E:\python;C:\Users\jiaojiao\AppData\Local\Microsoft\WindowsApps;C:\Users\jiaojiao\AppData\Roaming\npm;E:\VScode\Microsoft VS Code\bin;
USERNAME=jiaojiao
OS=Windows_NT
PROCESSOR_IDENTIFIER=Intel64 Family 6 Model 142 Stepping 12, GenuineIntel



---------------  S Y S T E M  ---------------

OS: Windows 8.1 , 64 bit Build 9600 

CPU:total 8 (4 cores per cpu, 2 threads per core) family 6 model 142 stepping 12, cmov, cx8, fxsr, mmx, sse, sse2, sse3, ssse3, sse4.1, sse4.2, popcnt, avx, avx2, aes, clmul, erms, lzcnt, ht, tsc, tscinvbit, bmi1, bmi2

Memory: 4k page, physical 8215284k(474276k free), swap 27415280k(0k free)

vm_info: Java HotSpot(TM) 64-Bit Server VM (25.31-b07) for windows-amd64 JRE (1.8.0_31-b13), built on Dec 17 2014 21:00:28 by "java_re" with MS VC++ 10.0 (VS2010)

time: Wed Jan 05 17:44:31 2022
elapsed time: 12 seconds (0d 0h 0m 12s)

